<?xml version="1.0" encoding="UTF-8"?>
<!-- Generated by org.testng.reporters.JUnitXMLReporter -->
<testsuite ignored="0" hostname="MSI" failures="1" tests="2" name="Validating Errors" time="13.481" errors="0" timestamp="26 Oct 2022 19:55:05 GMT">
  <testcase classname="SeleniumFramWork.Tests.ErrorValidationsTest" name="LogInErrorValidations" time="1.253">
    <failure type="java.lang.AssertionError" message="expected [Incorrect email or pass7word.] but found [Incorrect email or password.]">
      <![CDATA[java.lang.AssertionError: expected [Incorrect email or pass7word.] but found [Incorrect email or password.]
at SeleniumFramWork.Tests.ErrorValidationsTest.LogInErrorValidations(ErrorValidationsTest.java:24)
at java.base/java.util.concurrent.FutureTask.run(FutureTask.java:264)
at java.base/java.util.concurrent.ThreadPoolExecutor.runWorker(ThreadPoolExecutor.java:1136)
at java.base/java.util.concurrent.ThreadPoolExecutor$Worker.run(ThreadPoolExecutor.java:635)
at java.base/java.lang.Thread.run(Thread.java:833)
... Removed 22 stack frames]]>
    </failure>
  </testcase> <!-- LogInErrorValidations -->
  <testcase classname="SeleniumFramWork.Tests.ErrorValidationsTest" name="ProductErrorvalidation" time="2.119"/>
</testsuite> <!-- Validating Errors -->
